[    0.000000] Initializing cgroup subsys cpuset
[    0.000000] Initializing cgroup subsys cpu
[    0.000000] Initializing cgroup subsys cpuacct
[    0.000000] Linux version 4.4.0-130-generic (buildd@lgw01-amd64-039) (gcc version 5.4.0 20160609 (Ubuntu 5.4.0-6ubuntu1~16.04.9) ) #156-Ubuntu SMP Thu Jun 14 08:53:28 UTC 2018 (Ubuntu 4.4.0-130.156-generic 4.4.134)
[    0.000000] Command line: BOOT_IMAGE=/boot/vmlinuz-4.4.0-130-generic root=UUID=84e91f24-0077-40f3-aab8-b49b8e1f4506 ro console=tty1 console=ttyS0
[    0.000000] KERNEL supported cpus:
[    0.000000]   Intel GenuineIntel
[    0.000000]   AMD AuthenticAMD
[    0.000000]   Centaur CentaurHauls
[    0.000000] x86/fpu: xstate_offset[2]:  576, xstate_sizes[2]:  256
[    0.000000] x86/fpu: Supporting XSAVE feature 0x01: 'x87 floating point registers'
[    0.000000] x86/fpu: Supporting XSAVE feature 0x02: 'SSE registers'
[    0.000000] x86/fpu: Supporting XSAVE feature 0x04: 'AVX registers'
[    0.000000] x86/fpu: Enabled xstate features 0x7, context size is 832 bytes, using 'standard' format.
[    0.000000] x86/fpu: Using 'eager' FPU context switches.
[    0.000000] e820: BIOS-provided physical RAM map:
[    0.000000] BIOS-e820: [mem 0x0000000000000000-0x000000000009fbff] usable
[    0.000000] BIOS-e820: [mem 0x000000000009fc00-0x000000000009ffff] reserved
[    0.000000] BIOS-e820: [mem 0x00000000000f0000-0x00000000000fffff] reserved
[    0.000000] BIOS-e820: [mem 0x0000000000100000-0x000000003ffeffff] usable
[    0.000000] BIOS-e820: [mem 0x000000003fff0000-0x000000003fffffff] ACPI data
[    0.000000] BIOS-e820: [mem 0x00000000fec00000-0x00000000fec00fff] reserved
[    0.000000] BIOS-e820: [mem 0x00000000fee00000-0x00000000fee00fff] reserved
[    0.000000] BIOS-e820: [mem 0x00000000fffc0000-0x00000000ffffffff] reserved
[    0.000000] NX (Execute Disable) protection: active
[    0.000000] SMBIOS 2.5 present.
[    0.000000] Hypervisor detected: KVM
[    0.000000] e820: last_pfn = 0x3fff0 max_arch_pfn = 0x400000000
[    0.000000] MTRR: Disabled
[    0.000000] x86/PAT: MTRRs disabled, skipping PAT initialization too.
[    0.000000] CPU MTRRs all blank - virtualized system.
[    0.000000] x86/PAT: Configuration [0-7]: WB  WT  UC- UC  WB  WT  UC- UC  
[    0.000000] found SMP MP-table at [mem 0x0009fff0-0x0009ffff] mapped at [ffff88000009fff0]
[    0.000000] Scanning 1 areas for low memory corruption
[    0.000000] RAMDISK: [mem 0x361f0000-0x370effff]
[    0.000000] ACPI: Early table checksum verification disabled
[    0.000000] ACPI: RSDP 0x00000000000E0000 000024 (v02 VBOX  )
[    0.000000] ACPI: XSDT 0x000000003FFF0030 00003C (v01 VBOX   VBOXXSDT 00000001 ASL  00000061)
[    0.000000] ACPI: FACP 0x000000003FFF00F0 0000F4 (v04 VBOX   VBOXFACP 00000001 ASL  00000061)
[    0.000000] ACPI: DSDT 0x000000003FFF0470 0021C8 (v02 VBOX   VBOXBIOS 00000002 INTL 20100528)
[    0.000000] ACPI: FACS 0x000000003FFF0200 000040
[    0.000000] ACPI: FACS 0x000000003FFF0200 000040
[    0.000000] ACPI: APIC 0x000000003FFF0240 00005C (v02 VBOX   VBOXAPIC 00000001 ASL  00000061)
[    0.000000] ACPI: SSDT 0x000000003FFF02A0 0001CC (v01 VBOX   VBOXCPUT 00000002 INTL 20100528)
[    0.000000] No NUMA configuration found
[    0.000000] Faking a node at [mem 0x0000000000000000-0x000000003ffeffff]
[    0.000000] NODE_DATA(0) allocated [mem 0x3ffeb000-0x3ffeffff]
[    0.000000] kvm-clock: Using msrs 4b564d01 and 4b564d00
[    0.000000] kvm-clock: cpu 0, msr 0:3ffe3001, primary cpu clock
[    0.000000] kvm-clock: using sched offset of 3498002699 cycles
[    0.000000] clocksource: kvm-clock: mask: 0xffffffffffffffff max_cycles: 0x1cd42e4dffb, max_idle_ns: 881590591483 ns
[    0.000000] Zone ranges:
[    0.000000]   DMA      [mem 0x0000000000001000-0x0000000000ffffff]
[    0.000000]   DMA32    [mem 0x0000000001000000-0x000000003ffeffff]
[    0.000000]   Normal   empty
[    0.000000]   Device   empty
[    0.000000] Movable zone start for each node
[    0.000000] Early memory node ranges
[    0.000000]   node   0: [mem 0x0000000000001000-0x000000000009efff]
[    0.000000]   node   0: [mem 0x0000000000100000-0x000000003ffeffff]
[    0.000000] Initmem setup node 0 [mem 0x0000000000001000-0x000000003ffeffff]
[    0.000000] ACPI: PM-Timer IO Port: 0x4008
[    0.000000] IOAPIC[0]: apic_id 2, version 32, address 0xfec00000, GSI 0-23
[    0.000000] ACPI: INT_SRC_OVR (bus 0 bus_irq 0 global_irq 2 dfl dfl)
[    0.000000] ACPI: INT_SRC_OVR (bus 0 bus_irq 9 global_irq 9 high level)
[    0.000000] Using ACPI (MADT) for SMP configuration information
[    0.000000] smpboot: Allowing 2 CPUs, 0 hotplug CPUs
[    0.000000] PM: Registered nosave memory: [mem 0x00000000-0x00000fff]
[    0.000000] PM: Registered nosave memory: [mem 0x0009f000-0x0009ffff]
[    0.000000] PM: Registered nosave memory: [mem 0x000a0000-0x000effff]
[    0.000000] PM: Registered nosave memory: [mem 0x000f0000-0x000fffff]
[    0.000000] e820: [mem 0x40000000-0xfebfffff] available for PCI devices
[    0.000000] Booting paravirtualized kernel on KVM
[    0.000000] clocksource: refined-jiffies: mask: 0xffffffff max_cycles: 0xffffffff, max_idle_ns: 7645519600211568 ns
[    0.000000] setup_percpu: NR_CPUS:512 nr_cpumask_bits:512 nr_cpu_ids:2 nr_node_ids:1
[    0.000000] PERCPU: Embedded 34 pages/cpu @ffff88003fc00000 s99544 r8192 d31528 u1048576
[    0.000000] PV qspinlock hash table entries: 256 (order: 0, 4096 bytes)
[    0.000000] Built 1 zonelists in Node order, mobility grouping on.  Total pages: 257912
[    0.000000] Policy zone: DMA32
[    0.000000] Kernel command line: BOOT_IMAGE=/boot/vmlinuz-4.4.0-130-generic root=UUID=84e91f24-0077-40f3-aab8-b49b8e1f4506 ro console=tty1 console=ttyS0
[    0.000000] PID hash table entries: 4096 (order: 3, 32768 bytes)
[    0.000000] Memory: 997156K/1048120K available (8546K kernel code, 1313K rwdata, 4000K rodata, 1516K init, 1316K bss, 50964K reserved, 0K cma-reserved)
[    0.000000] SLUB: HWalign=64, Order=0-3, MinObjects=0, CPUs=2, Nodes=1
[    0.000000] Kernel/User page tables isolation: enabled
[    0.000000] Hierarchical RCU implementation.
[    0.000000] 	Build-time adjustment of leaf fanout to 64.
[    0.000000] 	RCU restricting CPUs from NR_CPUS=512 to nr_cpu_ids=2.
[    0.000000] RCU: Adjusting geometry for rcu_fanout_leaf=64, nr_cpu_ids=2
[    0.000000] NR_IRQS:33024 nr_irqs:440 16
[    0.000000] Console: colour VGA+ 80x25
[    0.000000] console [tty1] enabled
[    0.000000] console [ttyS0] enabled
[    0.000000] tsc: Detected 3392.144 MHz processor
[    4.396719] Calibrating delay loop (skipped) preset value.. 6784.28 BogoMIPS (lpj=13568576)
[    4.401388] pid_max: default: 32768 minimum: 301
[    4.402056] ACPI: Core revision 20150930
[    4.452839] ACPI: 2 ACPI AML tables successfully acquired and loaded
[    4.640400] Security Framework initialized
[    4.776994] Yama: becoming mindful.
[    4.887673] AppArmor: AppArmor initialized
[    4.888392] Dentry cache hash table entries: 131072 (order: 8, 1048576 bytes)
[    4.890249] Inode-cache hash table entries: 65536 (order: 7, 524288 bytes)
[    4.891175] Mount-cache hash table entries: 2048 (order: 2, 16384 bytes)
[    4.892067] Mountpoint-cache hash table entries: 2048 (order: 2, 16384 bytes)
[    4.893097] Initializing cgroup subsys io
[    4.893733] Initializing cgroup subsys memory
[    4.894367] Initializing cgroup subsys devices
[    4.895001] Initializing cgroup subsys freezer
[    4.895633] Initializing cgroup subsys net_cls
[    4.896307] Initializing cgroup subsys perf_event
[    4.896966] Initializing cgroup subsys net_prio
[    4.897653] Initializing cgroup subsys hugetlb
[    4.898322] Initializing cgroup subsys pids
[    4.898964] CPU: Physical Processor ID: 0
[    4.899563] CPU: Processor Core ID: 0
[    4.900915] mce: CPU supports 0 MCE banks
[    4.901545] Last level iTLB entries: 4KB 1024, 2MB 1024, 4MB 1024
[    4.902360] Last level dTLB entries: 4KB 1024, 2MB 1024, 4MB 1024, 1GB 4
[    4.916058] Spectre V2 : Mitigation: Full generic retpoline
[    5.071578] Spectre V2 : Speculation control IBPB not-supported IBRS not-supported
[    5.314158] Speculative Store Bypass: Vulnerable
[    5.462088] Freeing SMP alternatives memory: 32K
[    5.499220] ftrace: allocating 32245 entries in 126 pages
[    5.556209] smpboot: APIC(0) Converting physical 0 to logical package 0
[    5.598556] smpboot: Max logical packages: 1
[    5.599424] x2apic enabled
[    5.600077] Switched APIC routing to physical x2apic.
[    5.601716] ..TIMER: vector=0x30 apic1=0 pin1=2 apic2=-1 pin2=-1
[    5.708383] smpboot: CPU0: Intel(R) Core(TM) i7-4770 CPU @ 3.40GHz (family: 0x6, model: 0x3c, stepping: 0x3)
[    5.991646] Performance Events: unsupported p6 CPU model 60 no PMU driver, software events only.
[    6.155547] KVM setup paravirtual spinlock
[    6.156713] x86: Booting SMP configuration:
[    6.235186] .... node  #0, CPUs:      #1
[    6.350134] kvm-clock: cpu 1, msr 0:3ffe3041, secondary cpu clock
[    6.418578] mce: CPU supports 0 MCE banks
[    6.420956] x86: Booted up 1 node, 2 CPUs
[    6.421697] smpboot: Total of 2 processors activated (13568.57 BogoMIPS)
[    6.422860] devtmpfs: initialized
[    6.446375] evm: security.selinux
[    6.446911] evm: security.SMACK64
[    6.447444] evm: security.SMACK64EXEC
[    6.447997] evm: security.SMACK64TRANSMUTE
[    6.448597] evm: security.SMACK64MMAP
[    6.449155] evm: security.ima
[    6.449647] evm: security.capability
[    6.450312] clocksource: jiffies: mask: 0xffffffff max_cycles: 0xffffffff, max_idle_ns: 7645041785100000 ns
[    6.451689] futex hash table entries: 512 (order: 3, 32768 bytes)
[    6.566112] pinctrl core: initialized pinctrl subsystem
[    6.593150] RTC time: 10:23:33, date: 07/20/18
[    6.614343] NET: Registered protocol family 16
[    6.624933] cpuidle: using governor ladder
[    6.725998] cpuidle: using governor menu
[    6.833759] PCCT header not found.
[    6.834371] ACPI: bus type PCI registered
[    6.834985] acpiphp: ACPI Hot Plug PCI Controller Driver version: 0.5
[    6.835880] PCI: Using configuration type 1 for base access
[    6.850225] ACPI: Added _OSI(Module Device)
[    6.936759] ACPI: Added _OSI(Processor Device)
[    7.041286] ACPI: Added _OSI(3.0 _SCP Extensions)
[    7.187321] ACPI: Added _OSI(Processor Aggregator Device)
[    7.357951] ACPI: Executed 1 blocks of module-level executable AML code
[    7.539483] ACPI: Interpreter enabled
[    7.584518] ACPI: (supports S0 S5)
[    7.585114] ACPI: Using IOAPIC for interrupt routing
[    7.585925] PCI: Using host bridge windows from ACPI; if necessary, use "pci=nocrs" and report a bug
[    7.589975] ACPI: PCI Root Bridge [PCI0] (domain 0000 [bus 00-ff])
[    7.590806] acpi PNP0A03:00: _OSC: OS supports [ASPM ClockPM Segments MSI]
[    7.591662] acpi PNP0A03:00: _OSC failed (AE_NOT_FOUND); disabling ASPM
[    7.633421] acpi PNP0A03:00: fail to add MMCONFIG information, can't access extended PCI configuration space under this bridge.
[    7.803180] PCI host bridge to bus 0000:00
[    7.803780] pci_bus 0000:00: root bus resource [io  0x0000-0x0cf7 window]
[    7.804654] pci_bus 0000:00: root bus resource [io  0x0d00-0xffff window]
[    7.805508] pci_bus 0000:00: root bus resource [mem 0x000a0000-0x000bffff window]
[    7.952157] pci_bus 0000:00: root bus resource [mem 0x40000000-0xffdfffff window]
[    8.064884] pci_bus 0000:00: root bus resource [bus 00-ff]
[    8.066948] pci 0000:00:01.1: legacy IDE quirk: reg 0x10: [io  0x01f0-0x01f7]
[    8.095058] pci 0000:00:01.1: legacy IDE quirk: reg 0x14: [io  0x03f6]
[    8.095917] pci 0000:00:01.1: legacy IDE quirk: reg 0x18: [io  0x0170-0x0177]
[    8.096836] pci 0000:00:01.1: legacy IDE quirk: reg 0x1c: [io  0x0376]
[    8.117024] pci 0000:00:07.0: quirk: [io  0x4000-0x403f] claimed by PIIX4 ACPI
[    8.316202] pci 0000:00:07.0: quirk: [io  0x4100-0x410f] claimed by PIIX4 SMB
[    8.366549] ACPI: PCI Interrupt Link [LNKA] (IRQs 5 9 10 *11)
[    8.531102] ACPI: PCI Interrupt Link [LNKB] (IRQs 5 9 10 *11)
[    8.682667] ACPI: PCI Interrupt Link [LNKC] (IRQs 5 9 *10 11)
[    8.683808] ACPI: PCI Interrupt Link [LNKD] (IRQs 5 *9 10 11)
[    8.691373] ACPI: Enabled 2 GPEs in block 00 to 07
[    8.792376] vgaarb: setting as boot device: PCI:0000:00:02.0
[    8.808087] vgaarb: device added: PCI:0000:00:02.0,decodes=io+mem,owns=io+mem,locks=none
[    9.031854] vgaarb: loaded
[    9.079532] vgaarb: bridge control possible 0000:00:02.0
[    9.254864] SCSI subsystem initialized
[    9.255549] ACPI: bus type USB registered
[    9.256155] usbcore: registered new interface driver usbfs
[    9.256910] usbcore: registered new interface driver hub
[    9.257668] usbcore: registered new device driver usb
[    9.259606] PCI: Using ACPI for IRQ routing
[    9.260453] NetLabel: Initializing
[    9.260981] NetLabel:  domain hash size = 128
[    9.261597] NetLabel:  protocols = UNLABELED CIPSOv4
[    9.262351] NetLabel:  unlabeled traffic allowed by default
[    9.263308] amd_nb: Cannot enumerate AMD northbridges
[    9.264038] clocksource: Switched to clocksource kvm-clock
[    9.332102] AppArmor: AppArmor Filesystem Enabled
[    9.482154] pnp: PnP ACPI init
[    9.584702] pnp: PnP ACPI: found 3 devices
[    9.733858] clocksource: acpi_pm: mask: 0xffffff max_cycles: 0xffffff, max_idle_ns: 2085701024 ns
[    9.888309] NET: Registered protocol family 2
[    9.889128] TCP established hash table entries: 8192 (order: 4, 65536 bytes)
[   10.103256] TCP bind hash table entries: 8192 (order: 5, 131072 bytes)
[   10.327762] TCP: Hash tables configured (established 8192 bind 8192)
[   10.541805] UDP hash table entries: 512 (order 2, 16384 bytes)
[   10.757317] UDP-Lite hash table entries: 512 (order: 2, 16384 bytes)
[   10.962399] NET: Registered protocol family 1
[   11.004514] pci 0000:00:00.0: Limiting direct PCI/PCI transfers
[   11.194889] pci 0000:00:01.0: Activating ISA DMA hang workarounds
[   11.402508] Unpacking initramfs...
[   11.702991] Freeing initrd memory: 15360K
[   11.809481] RAPL PMU detected, API unit is 2^-32 Joules, 4 fixed counters 10737418240 ms ovfl timer
[   12.083016] hw unit of domain pp0-core 2^-0 Joules
[   12.089814] hw unit of domain package 2^-0 Joules
[   12.176545] hw unit of domain dram 2^-0 Joules
[   12.186260] hw unit of domain pp1-gpu 2^-0 Joules
[   12.188559] platform rtc_cmos: registered platform RTC device (no PNP device found)
[   12.264993] Scanning for low memory corruption every 60 seconds
[   12.266202] audit: initializing netlink subsys (disabled)
[   12.280891] audit: type=2000 audit(1532082215.390:1): initialized
[   12.281929] Initialise system trusted keyring
[   12.282691] HugeTLB registered 2 MB page size, pre-allocated 0 pages
[   12.455596] zbud: loaded
[   12.528789] VFS: Disk quotas dquot_6.6.0
[   12.627529] VFS: Dquot-cache hash table entries: 512 (order 0, 4096 bytes)
[   12.699154] squashfs: version 4.0 (2009/01/31) Phillip Lougher
[   12.700321] fuse init (API version 7.23)
[   12.701134] Key type big_key registered
[   12.701757] Allocating IMA MOK and blacklist keyrings.
[   12.704345] Key type asymmetric registered
[   12.704982] Asymmetric key parser 'x509' registered
[   12.755576] Block layer SCSI generic (bsg) driver version 0.4 loaded (major 249)
[   12.963918] io scheduler noop registered
[   13.063561] io scheduler deadline registered (default)
[   13.168655] io scheduler cfq registered
[   13.223679] tsc: Refined TSC clocksource calibration: 3391.620 MHz
[   13.224522] clocksource: tsc: mask: 0xffffffffffffffff max_cycles: 0x30e36298a55, max_idle_ns: 440795268875 ns
[   13.225986] pci_hotplug: PCI Hot Plug PCI Core version: 0.5
[   13.250792] pciehp: PCI Express Hot Plug Controller Driver version: 0.4
[   13.251934] ACPI: AC Adapter [AC] (on-line)
[   13.252632] input: Power Button as /devices/LNXSYSTM:00/LNXPWRBN:00/input/input0
[   13.253725] ACPI: Power Button [PWRF]
[   13.254501] input: Sleep Button as /devices/LNXSYSTM:00/LNXSLPBN:00/input/input1
[   13.263132] ACPI: Sleep Button [SLPF]
[   13.263862] GHES: HEST is not enabled!
[   13.264567] Serial: 8250/16550 driver, 32 ports, IRQ sharing enabled
[   13.289125] 00:02: ttyS0 at I/O 0x3f8 (irq = 4, base_baud = 115200) is a 16550A
[   13.530773] Linux agpgart interface v0.103
[   13.677924] loop: module loaded
[   13.699762] scsi host0: ata_piix
[   13.701944] scsi host1: ata_piix
[   13.704396] ata1: PATA max UDMA/33 cmd 0x1f0 ctl 0x3f6 bmdma 0xd000 irq 14
[   13.706703] ata2: PATA max UDMA/33 cmd 0x170 ctl 0x376 bmdma 0xd008 irq 15
[   13.707704] libphy: Fixed MDIO Bus: probed
[   13.842157] tun: Universal TUN/TAP device driver, 1.6
[   13.977590] tun: (C) 1999-2004 Max Krasnyansky <maxk@qualcomm.com>
[   14.083325] PPP generic driver version 2.4.2
[   14.085581] ehci_hcd: USB 2.0 'Enhanced' Host Controller (EHCI) Driver
[   14.110155] ehci-pci: EHCI PCI platform driver
[   14.110807] ehci-platform: EHCI generic platform driver
[   14.111567] ohci_hcd: USB 1.1 'Open' Host Controller (OHCI) Driver
[   14.114157] ohci-pci: OHCI PCI platform driver
[   14.114815] ohci-platform: OHCI generic platform driver
[   14.115556] uhci_hcd: USB Universal Host Controller Interface driver
[   14.117941] i8042: PNP: PS/2 Controller [PNP0303:PS2K,PNP0f03:PS2M] at 0x60,0x64 irq 1,12
[   14.119542] serio: i8042 KBD port at 0x60,0x64 irq 1
[   14.120233] serio: i8042 AUX port at 0x60,0x64 irq 12
[   14.121047] mousedev: PS/2 mouse device common for all mice
[   14.122184] rtc_cmos rtc_cmos: rtc core: registered rtc_cmos as rtc0
[   14.123113] rtc_cmos rtc_cmos: alarms up to one day, 114 bytes nvram
[   14.124031] input: AT Translated Set 2 keyboard as /devices/platform/i8042/serio0/input/input2
[   14.126812] i2c /dev entries driver
[   14.127432] device-mapper: uevent: version 1.0.3
[   14.128193] device-mapper: ioctl: 4.34.0-ioctl (2015-10-28) initialised: dm-devel@redhat.com
[   14.129418] ledtrig-cpu: registered to indicate activity on CPUs
[   14.130595] NET: Registered protocol family 10
[   14.155929] NET: Registered protocol family 17
[   14.295783] Key type dns_resolver registered
[   14.300478] registered taskstats version 1
[   14.310329] Loading compiled-in X.509 certificates
[   14.382748] Loaded X.509 cert 'Build time autogenerated kernel key: b3e0fe4bcd6378c38a2c0a4648abbc1fa5043a22'
[   14.642113] zswap: loaded using pool lzo/zbud
[   14.783525] Key type trusted registered
[   14.890724] Key type encrypted registered
[   15.003834] AppArmor: AppArmor sha1 policy hashing enabled
[   15.154924] ima: No TPM chip found, activating TPM-bypass!
[   15.326410] ima: Allocated hash algorithm: sha1
[   15.380109] evm: HMAC attrs: 0x1
[   15.380908]   Magic number: 10:391:376
[   15.381632] rtc_cmos rtc_cmos: setting system clock to 2018-07-20 10:23:41 UTC (1532082221)
[   15.382972] BIOS EDD facility v0.16 2004-Jun-25, 0 devices found
[   15.383802] EDD information not available.
[   15.385518] Freeing unused kernel memory: 1516K
[   15.400061] Write protecting the kernel read-only data: 14336k
[   15.478269] Freeing unused kernel memory: 1680K
[   15.596607] Freeing unused kernel memory: 96K
Loading, please [   15.608713] random: systemd-udevd: uninitialized urandom read (16 bytes read, 3 bits of entropy available)
wait...
starting version 229
[   15.609261] random: udevadm: uninitialized urandom read (16 bytes read, 3 bits of entropy available)
[   15.609279] random: udevadm: uninitialized urandom read (16 bytes read, 3 bits of entropy available)
[   15.618461] random: udevadm: uninitialized urandom read (16 bytes read, 3 bits of entropy available)
[   15.618501] random: udevadm: uninitialized urandom read (16 bytes read, 3 bits of entropy available)
[   15.618674] random: udevadm: uninitialized urandom read (16 bytes read, 3 bits of entropy available)
[   15.618730] random: udevadm: uninitialized urandom read (16 bytes read, 3 bits of entropy available)
[   15.618783] random: udevadm: uninitialized urandom read (16 bytes read, 3 bits of entropy available)
[   15.618836] random: udevadm: uninitialized urandom read (16 bytes read, 3 bits of entropy available)
[   15.618888] random: udevadm: uninitialized urandom read (16 bytes read, 3 bits of entropy available)
[   16.999676] e1000: Intel(R) PRO/1000 Network Driver - version 7.3.21-k8-NAPI
[   17.076467] e1000: Copyright (c) 1999-2006 Intel Corporation.
[   17.078873] Fusion MPT base driver 3.04.20
[   17.154847] Copyright (c) 1999-2008 LSI Corporation
[   17.185103] AVX version of gcm_enc/dec engaged.
[   17.292423] AES CTR mode by8 optimization enabled
[   17.423706] input: ImExPS/2 Generic Explorer Mouse as /devices/platform/i8042/serio1/input/input4
[   17.622855] e1000 0000:00:03.0 eth0: (PCI:33MHz:32-bit) 02:40:c1:fa:9b:f5
[   17.624327] e1000 0000:00:03.0 eth0: Intel(R) PRO/1000 Network Connection
[   17.629676] e1000 0000:00:03.0 enp0s3: renamed from eth0
[   17.641289] Fusion MPT SPI Host driver 3.04.20
[   17.650859] mptbase: ioc0: Initiating bringup
[   17.740421] ioc0: LSI53C1030 A0: Capabilities={Initiator}
[   18.000392] scsi host2: ioc0: LSI53C1030 A0, FwRev=00000000h, Ports=1, MaxQ=256, IRQ=20
[   18.373250] scsi 2:0:0:0: Direct-Access     VBOX     HARDDISK         1.0  PQ: 0 ANSI: 5
[   18.651251] scsi target2:0:0: Beginning Domain Validation
[   18.746466] scsi target2:0:0: Domain Validation skipping write tests
[   18.766344] scsi target2:0:0: Ending Domain Validation
[   18.871884] scsi target2:0:0: asynchronous
[   18.987921] scsi 2:0:1:0: Direct-Access     VBOX     HARDDISK         1.0  PQ: 0 ANSI: 5
[   19.165622] scsi target2:0:1: Beginning Domain Validation
[   19.167364] scsi target2:0:1: Domain Validation skipping write tests
[   19.168211] scsi target2:0:1: Ending Domain Validation
[   19.222397] scsi target2:0:1: asynchronous
[   19.358981] sd 2:0:0:0: [sda] 20971520 512-byte logical blocks: (10.7 GB/10.0 GiB)
[   19.506428] sd 2:0:0:0: Attached scsi generic sg0 type 0
[   19.672086] sd 2:0:0:0: [sda] Write Protect is off
[   19.819028] sd 2:0:1:0: Attached scsi generic sg1 type 0
[   19.831499] sd 2:0:1:0: [sdb] 20480 512-byte logical blocks: (10.5 MB/10.0 MiB)
[   19.839764] sd 2:0:0:0: [sda] Incomplete mode parameter data
[   19.866122] sd 2:0:0:0: [sda] Assuming drive cache: write through
[   20.008370] sd 2:0:1:0: [sdb] Write Protect is off
[   20.009242]  sda: sda1
[   20.157125] sd 2:0:0:0: [sda] Attached SCSI disk
[   20.178944] sd 2:0:1:0: [sdb] Incomplete mode parameter data
[   20.179727] sd 2:0:1:0: [sdb] Assuming drive cache: write through
[   20.196310] sd 2:0:1:0: [sdb] Attached SCSI disk
Begin: Loading e[   21.630139] md: linear personality registered for level -1
ssential drivers ... [   21.745249] md: multipath personality registered for level -4
[   21.749301] md: raid0 personality registered for level 0
[   21.754058] md: raid1 personality registered for level 1
[   21.980419] raid6: sse2x1   gen() 11166 MB/s
[   22.180157] raid6: sse2x1   xor()  8317 MB/s
[   22.280051] raid6: sse2x2   gen() 14020 MB/s
[   22.480487] raid6: sse2x2   xor()  9474 MB/s
[   22.684587] raid6: sse2x4   gen() 16451 MB/s
[   22.864069] raid6: sse2x4   xor() 11187 MB/s
[   22.914923] raid6: using algorithm sse2x4 gen() 16451 MB/s
[   22.979818] raid6: .... xor() 11187 MB/s, rmw enabled
[   23.014310] raid6: using ssse3x2 recovery algorithm
[   23.055992] xor: automatically using best checksumming function:
[   23.128081]    avx       : 29247.000 MB/sec
[   23.145360] async_tx: api initialized (async)
[   23.221322] md: raid6 personality registered for level 6
[   23.250102] md: raid5 personality registered for level 5
[   23.250853] md: raid4 personality registered for level 4
[   23.257448] md: raid10 personality registered for level 10
done.
Begin: Running /scripts/init-premount ... done.
Begin: Mounting root file system ... Begin: Run[   23.289074] Btrfs loaded
ning /scripts/local-top ... done.
Begin: Running /scripts/local-premount ... Scanning for Btrfs filesystems
done.
Warning: fsck not present, so skipping root file system
[   23.542605] EXT4-fs (sda1): mounted filesystem with ordered data mode. Opts: (null)
done.
Begin: Running /scripts/local-bottom ... done.
Begin: Running /scripts/init-bottom ... done.
[   24.594983] random: nonblocking pool is initialized
[   24.731921] systemd[1]: systemd 229 running in system mode. (+PAM +AUDIT +SELINUX +IMA +APPARMOR +SMACK +SYSVINIT +UTMP +LIBCRYPTSETUP +GCRYPT +GNUTLS +ACL +XZ -LZ4 +SECCOMP +BLKID +ELFUTILS +KMOD -IDN)
[   25.132588] systemd[1]: Detected virtualization oracle.
[   25.133346] systemd[1]: Detected architecture x86-64.

Welcome to [1mUbuntu 16.04.4 LTS[0m!

[   25.216356] systemd[1]: Set hostname to <ubuntu-xenial>.
[   26.245616] systemd[1]: Listening on LVM2 metadata daemon socket.
[[0;32m  OK  [0m] Listening on LVM2 metadata daemon socket.
[   26.501218] systemd[1]: Reached target Encrypted Volumes.
[[0;32m  OK  [0m] Reached target Encrypted Volumes.
[   26.728700] systemd[1]: Listening on /dev/initctl Compatibility Named Pipe.
[[0;32m  OK  [0m] Listening on /dev/initctl Compatibility Named Pipe.
[   26.984925] systemd[1]: Listening on Syslog Socket.
[[0;32m  OK  [0m] Listening on Syslog Socket.
[   27.169959] systemd[1]: Listening on udev Control Socket.
[[0;32m  OK  [0m] Listening on udev Control Socket.
[   27.304757] systemd[1]: Listening on Device-mapper event daemon FIFOs.
[[0;32m  OK  [0m] Listening on Device-mapper event daemon FIFOs.
[   27.326055] systemd[1]: Created slice System Slice.
[[0;32m  OK  [0m] Created slice System Slice.
[   27.338440] systemd[1]: Set up automount Arbitrary Executable File Formats File System Automount Point.
[[0;32m  OK  [0m] Set up automount Arbitrary Executab...ats File System Automount Point.
[   27.380271] systemd[1]: Reached target System Time Synchronized.
[[0;32m  OK  [0m] Reached target System Time Synchronized.
[   27.420267] systemd[1]: Started Trigger resolvconf update for networkd DNS.
[[0;32m  OK  [0m] Started Trigger resolvconf update for networkd DNS.
[   27.444312] systemd[1]: Listening on Journal Audit Socket.
[[0;32m  OK  [0m] Listening on Journal Audit Socket.
[   27.466034] systemd[1]: Reached target User and Group Name Lookups.
[[0;32m  OK  [0m] Reached target User and Group Name Lookups.
[   27.472281] systemd[1]: Listening on udev Kernel Socket.
[[0;32m  OK  [0m] Listening on udev Kernel Socket.
[   27.504471] systemd[1]: Reached target Swap.
[[0;32m  OK  [0m] Reached target Swap.
[   27.708314] systemd[1]: Listening on Journal Socket (/dev/log).
[[0;32m  OK  [0m] Listening on Journal Socket (/dev/log).
[   27.808306] systemd[1]: Started Forward Password Requests to Wall Directory Watch.
[[0;32m  OK  [0m] Started Forward Password Requests to Wall Directory Watch.
[   27.828300] systemd[1]: Listening on Journal Socket.
[[0;32m  OK  [0m] Listening on Journal Socket.
[   27.888261] systemd[1]: Mounting POSIX Message Queue File System...
         Mounting POSIX Message Queue File System...
[   28.036553] systemd[1]: Mounting Debug File System...
         Mounting Debug File System...
[   28.152961] systemd[1]: Starting Create list of required static device nodes for the current kernel...
         Starting Create list of required st... nodes for the current kernel...
[   28.178439] systemd[1]: Starting Uncomplicated firewall...
         Starting Uncomplicated firewall...
[   28.348843] systemd[1]: Starting Nameserver information manager...
         Starting Nameserver information manager...
[   28.620841] system[1]: Mounting Huge Pages File System...
         Mounting Huge Pages File System...
[   28.854811] systemd[1]: Starting Monitoring of LVM2 mirrors, snapshots etc. using dmeventd or progress polling...
         Starting Monitoring of LVM2 mirrors... dmeventd or progress polling...
[   28.916377] systemd[1]: Starting Set console keymap...
         Starting Set console keymap...
[   28.996635] systemd[1]: Starting Load Kernel Modules...
         Starting Load Kernel Modules...
[   29.104436] systemd[1]: Starting Journal Service...
[   29.136626] Loading iSCSI transport class v2.0-870.
         Starting Journal Service...
[   29.142735] systemd[1]: Starting Remount Root and Kernel File Systems...
         Starting Remount Root and Kernel File Systems...
[   29.168104] systemd[1]: Listening on LVM2 poll daemon socket.
[[0;32m  OK  [0m] Listening on LVM2 poll daemon socket.
[   29.171605] systemd[1]: Created slice system-serial\x2dgetty.slice.
[[0;32m  OK  [0m] Created slice system-serial\x2dgetty.slice.
[   29.177953] systemd[1]: Created slice User and Session Slice.
[[0;32m  OK  [0m] Created slice User and Session Slice.
[   29.180623] systemd[1]: Reached target Slices.
[[0;32m  OK  [0m] Reached target Slices.
[   29.185810] EXT4-fs (sda1): re-mounted. Opts: (null)
[   29.312600] iscsi: registered transport (tcp)
[   29.425433] systemd[1]: Mounted Debug File System.
[[0;32m  OK  [0m] Mounted Debug File System.
[   29.532494] systemd[1]: Mounted POSIX Message Queue File System.
[[0;32m  OK  [0m] Mounted POSIX Message Queue File System.
[   29.552485] systemd[1]: Mounted Huge Pages File System.
[[0;32m  OK  [0m] Mounted Huge Pages File System.
[   29.555973] systemd[1]: Started Create list of required static device nodes for the current kernel.
[[0;32m  OK  [0m] Started Create list of required sta...ce nodes for the current kernel.
[   29.561547] systemd[1]: Started Uncomplicated firewall.
[[0;32m  OK  [0m] Started Uncomplicated firewall.
[   29.683378] iscsi: registered transport (iser)
[   29.705187] systemd[1]: Started Set console keymap.
[[0;32m  OK  [0m] Started Set console keymap.
[   29.765098] systemd[1]: Started Load Kernel Modules.
[[0;32m  OK  [0m] Started Load Kernel Modules.
[   29.862950] systemd[1]: Started Remount Root and Kernel File Systems.
[[0;32m  OK  [0m] Started Remount Root and Kernel File Systems.
[   29.880568] systemd[1]: Started Nameserver information manager.
[[0;32m  OK  [0m] Started Nameserver information manager.
[   30.026441] systemd[1]: Started Journal Service.
[[0;32m  OK  [0m] Started Journal Service.
[[0;32m  OK  [0m] Started LVM2 metadata daemon.
         Starting Load/Save Random Seed...
         Starting Flush Journal to Persistent Storage...
         Starting udev Coldplug all Devices...
         Starting Apply Kernel Variables...
         Mounting FUSE Control File System...
         Starting Create Static Device Nodes in /dev...
[[0;32m  OK  [0m] Mounted FUSE Control File System.
[[0;32m  OK  [0m] Started Monitoring of LVM2 mirrors,...ng dmeventd or progress polling.
[[0;32m  OK  [0m] Started Load/Save Random Seed.
[[0;32m  OK  [0m] Started Apply Kernel Variables.
[[0;32m  OK  [0m] Started Create Static Device Nodes in /dev.
[[0;32m  OK  [0m] Started udev Coldplug all Devices.
[[0;32m  OK  [0m] Started Flush Journal to Persistent Storage.
         Starting udev Kernel Device Manager...
[[0;32m  OK  [0m] Started udev Kernel Device Manager.
[[0;32m  OK  [0m] Started Dispatch Password Requests to Console Directory Watch.
[[0;32m  OK  [0m] Reached target Local File Systems (Pre).
[[0;32m  OK  [0m] Reached target Local File Systems.
         Starting Tell Plymouth To Write Out Runtime Data...
         Starting Initial cloud-init job (pre-networking)...
         Starting Set console font and keymap...
         Starting Create Volatile Files and Directories...
         Starting LSB: AppArmor initialization...
[[0;32m  OK  [0m] Found device /dev/ttyS0.
[[0;32m  OK  [0m] Started Tell Plymouth To Write Out Runtime Data.
[[0;32m  OK  [0m] Listening on Load/Save RF Kill Switch Status /dev/rfkill Watch.
[[0;32m  OK  [0m] Started Create Volatile Files and Directories.
         Starting Update UTMP about System Boot/Shutdown...
[[0;32m  OK  [0m] Found device 82540EM Gigabit Ethern...r (PRO/1000 MT Desktop Adapter).
[[0;32m  OK  [0m] Started Update UTMP about System Boot/Shutdown.
[[0;32m  OK  [0m] Started Set console font and keymap.
[[0;32m  OK  [0m] Created slice system-getty.slice.
[[0;32m  OK  [0m] Started LSB: AppArmor initialization.
[   26.299478] cloud-init[491]: Cloud-init v. 18.2 running 'init-local' at Fri, 20 Jul 2018 10:24:00 +0000. Up 25.67 seconds.
[[0;32m  OK  [0m] Started Initial cloud-init job (pre-networking).
[[0;32m  OK  [0m] Reached target Network (Pre).
         Starting Raise network interfaces...
[[0;32m  OK  [0m] Started ifup for enp0s3.
[[0;32m  OK  [0m] Started Raise network interfaces.
         Starting Initial cloud-init job (metadata service crawler)...
[[0;32m  OK  [0m] Reached target Network.
[   27.891002] cloud-init[997]: Cloud-init v. 18.2 running 'init' at Fri, 20 Jul 2018 10:24:02 +0000. Up 27.12 seconds.
[   27.948531] cloud-init[997]: ci-info: +++++++++++++++++++++++++++++++++++++Net device info++++++++++++++++++++++++++++++++++++++
[   28.069634] cloud-init[997]: ci-info: +--------+------+----------------------------+---------------+-------+-------------------+
[   28.070269] cloud-init[997]: ci-info: | Device |  Up  |          Address           |      Mask     | Scope |     Hw-Address    |
[   28.070824] cloud-init[997]: ci-info: +--------+------+----------------------------+---------------+-------+-------------------+
[   28.071344] cloud-init[997]: ci-info: | enp0s3 | True |         10.0.2.15          | 255.255.255.0 |   .   | 02:40:c1:fa:9b:f5 |
[   28.071880] cloud-init[997]: ci-info: | enp0s3 | True | fe80::40:c1ff:fefa:9bf5/64 |       .       |  link | 02:40:c1:fa:9b:f5 |
[[0;32m  OK  [0m] Started Initial cloud-init job (metadata service crawler).
[[0;32m  OK  [0m] Reached target System Initialization.
[[0;32m  OK  [0m] Listening on D-Bus System Message Bus Socket.
[   28.072567] cloud-init[997]: ci-info: |   lo   | True |         127.0.0.1          |   255.0.0.0   |   .   |         .         |
[   29.029190] [cloud-init[0;32m  OK  [0m[997]: ] ci-info: |   lo   | True |          ::1/128           |       .       |  host |         .         |Started Daily Cleanup of Temporary Directories.

[[0;32m  OK  [0m] Listening on ACPID Listen Socket.
[   29.030726] cloud-init[997]: ci-info: +--------+------+----------------------------+---------------+-------+-------------------+
[   29.317373] [cloud-init[0;32m  OK  [0m[997]: ] ci-info: +++++++++++++++++++++++++++Route IPv4 info++++++++++++++++++++++++++++Started Daily apt download activities.

[   29.319009] cloud-init[997]: ci-info: +-------+-------------+----------+---------------+-----------+-------+
[   29.605481]          cloud-initStarting LXD - unix socket.[997]: 
ci-info: | Route | Destination | Gateway  |    Genmask    | Interface | Flags |
[   29.781555] [cloud-init[0;32m  OK  [0m[997]: ] ci-info: +-------+-------------+----------+---------------+-----------+-------+Listening on UUID daemon activation socket.

         Starting Socket activation for snappy daemon.
[[0;32m  OK  [0m] Started Daily apt upgrade and clean activities.
[[0;32m  OK  [0m] Reached target Timers.
[   29.783090] cloud-init[997]: ci-info: |   0   |   0.0.0.0   | 10.0.2.2 |    0.0.0.0    |   enp0s3  |   UG  |
[   30.212873] [cloud-init[0;32m  OK  [0m[997]: ] ci-info: |   1   |   10.0.2.0  | 0.0.0.0  | 255.255.255.0 |   enp0s3  |   U   |Started ACPI Events Check.

[   30.318398] [cloud-init[0;32m  OK  [0m[997]: ] ci-info: +-------+-------------+----------+---------------+-----------+-------+Reached target Paths.

[[0;32m  OK  [0m] Reached target Network is Online.
         Starting iSCSI initiator daemon (iscsid)...
[[0;32m  OK  [0m] Reached target Cloud-config availability.
[[0;32m  OK  [0m] Listening on LXD - unix socket.
[[0;32m  OK  [0m] Listening on Socket activation for snappy daemon.
[[0;32m  OK  [0m] Reached target Sockets.
[[0;32m  OK  [0m] Reached target Basic System.
         Starting LXD - container startup/shutdown...
         Starting Accounts Service...
         Starting LSB: MD monitoring daemon...
         Starting Virtualbox guest utils...
[[0;32m  OK  [0m] Started ACPI event daemon.
         Starting System Logging Service...
         Starting Snappy daemon...
[[0;32m  OK  [0m] Started Deferred execution scheduler.
[[0;32m  OK  [0m] Started Regular background program processing daemon.
         Starting OpenBSD Secure Shell server...
[[0;32m  OK  [0m] Started Unattended Upgrades Shutdown.
         Starting Login Service...
         Starting LSB: Record successful boot for GRUB...
[[0;32m  OK  [0m] Started D-Bus System Message Bus.
[[0;32m  OK  [0m] Started FUSE filesystem for LXC.
         Starting /etc/rc.local Compatibility...
         Starting Apply the settings specified in cloud-config...
[[0;32m  OK  [0m] Started System Logging Service.
[[0;32m  OK  [0m] Started OpenBSD Secure Shell server.
[[0;32m  OK  [0m] Started iSCSI initiator daemon (iscsid).
[[0;32m  OK  [0m] Started /etc/rc.local Compatibility.
[[0;32m  OK  [0m] Started Login Service.
[[0;32m  OK  [0m] Started LSB: MD monitoring daemon.
[[0;32m  OK  [0m] Started LSB: Record successful boot for GRUB.
[   32.992521] cloud-init[1106]: Cloud-init v. 18.2 running 'modules:config' at Fri, 20 Jul 2018 10:24:07 +0000. Up 32.75 seconds.
         Starting Authenticate and Authorize Users to Run Privileged Tasks...
         Starting Login to default iSCSI targets...
[[0;32m  OK  [0m] Started LXD - container startup/shutdown.
[[0;32m  OK  [0m] Started Virtualbox guest utils.
[[0;32m  OK  [0m] Started Apply the settings specified in cloud-config.
[[0;32m  OK  [0m] Started Authenticate and Authorize Users to Run Privileged Tasks.
[[0;32m  OK  [0m] Started Snappy daemon.
[[0;32m  OK  [0m] Started Accounts Service.
         Starting Wait until snapd is fully seeded...
[[0;32m  OK  [0m] Started Wait until snapd is fully seeded.
[[0;32m  OK  [0m] Started Login to default iSCSI targets.
[[0;32m  OK  [0m] Reached target Remote File Systems (Pre).
[[0;32m  OK  [0m] Reached target Remote File Systems.
         Starting LSB: Set the CPU Frequency Scaling governor to "ondemand"...
         Starting Permit User Sessions...
         Starting LSB: automatic crash report generation...
         Starting LSB: daemon to balance interrupts for SMP systems...
[[0;32m  OK  [0m] Started Permit User Sessions.
[[0;32m  OK  [0m] Started LSB: Set the CPU Frequency Scaling governor to "ondemand".
         Starting Terminate Plymouth Boot Screen...
         Starting Hold until boot process finishes up...
[[0;32m  OK  [0m] Started LSB: automatic crash report generation.
[[0;32m  OK  [0m] Started LSB: daemon to balance interrupts for SMP systems.
[[0;32m  OK  [0m] Started Terminate Plymouth Boot Screen.
[[0;32m  OK  [0m] Started Hold until boot process finishes up.
[[0;32m  OK  [0m] Started Serial Getty on ttyS0.
         Starting Set console scheme...
[[0;32m  OK  [0m] Started Getty on tty1.
[[0;32m  OK  [0m] Reached target Login Prompts.
[[0;32m  OK  [0m] Reached target Multi-User System.
         Starting Execute cloud user/final scripts...
[[0;32m  OK  [0m] Reached target Graphical Interface.
         Starting Update UTMP about System Runlevel Changes...
[[0;32m  OK  [0m] Started Set console scheme.
[[0;32m  OK  [0m] Started Update UTMP about System Runlevel Changes.
[   34.929423] cloud-init[1227]: Cloud-init v. 18.2 running 'modules:final' at Fri, 20 Jul 2018 10:24:09 +0000. Up 34.76 seconds.
[   34.981338] cloud-init[1227]: Cloud-init v. 18.2 finished at Fri, 20 Jul 2018 10:24:09 +0000. Datasource DataSourceNoCloud [seed=/dev/sdb][dsmode=net].  Up 34.92 seconds
[[0;32m  OK  [0m] Started Execute cloud user/final scripts.
[[0;32m  OK  [0m] Created slice User Slice of vagrant.
[[0;32m  OK  [0m] Reached target Cloud-init target.
         Starting Daily apt download activities...
         Starting User Manager for UID 1000...
[[0;32m  OK  [0m] Started Session 1 of user vagrant.
[[0;32m  OK  [0m] Started User Manager for UID 1000.
[[0;32m  OK  [0m] Started Daily apt download activities.

Ubuntu 16.04.4 LTS ubuntu-xenial ttyS0

ubuntu-xenial login: 